  [1m[35m (0.1ms)[0m  [1m[34mSELECT sqlite_version(*)[0m
  ↳ bin/rails:9
  [1m[35m (26.8ms)[0m  [1m[35mCREATE TABLE "schema_migrations" ("version" varchar NOT NULL PRIMARY KEY)[0m
  ↳ bin/rails:9
  [1m[35m (20.3ms)[0m  [1m[35mCREATE TABLE "ar_internal_metadata" ("key" varchar NOT NULL PRIMARY KEY, "value" varchar, "created_at" datetime NOT NULL, "updated_at" datetime NOT NULL)[0m
  ↳ bin/rails:9
  [1m[35m (0.2ms)[0m  [1m[34mSELECT "schema_migrations"."version" FROM "schema_migrations" ORDER BY "schema_migrations"."version" ASC[0m
  ↳ bin/rails:9
Migrating to CreateTdlists (20211207171816)
  [1m[35m (0.1ms)[0m  [1m[36mbegin transaction[0m
  ↳ bin/rails:9
  [1m[35m (0.5ms)[0m  [1m[35mCREATE TABLE "tdlists" ("id" integer PRIMARY KEY AUTOINCREMENT NOT NULL, "title" varchar, "done" boolean, "created_at" datetime NOT NULL, "updated_at" datetime NOT NULL)[0m
  ↳ db/migrate/20211207171816_create_tdlists.rb:3
  [1m[36mActiveRecord::SchemaMigration Create (0.3ms)[0m  [1m[32mINSERT INTO "schema_migrations" ("version") VALUES (?)[0m  [["version", "20211207171816"]]
  ↳ bin/rails:9
  [1m[35m (31.3ms)[0m  [1m[36mcommit transaction[0m
  ↳ bin/rails:9
  [1m[36mActiveRecord::InternalMetadata Load (0.3ms)[0m  [1m[34mSELECT  "ar_internal_metadata".* FROM "ar_internal_metadata" WHERE "ar_internal_metadata"."key" = ? LIMIT ?[0m  [["key", "environment"], ["LIMIT", 1]]
  ↳ bin/rails:9
  [1m[35m (0.1ms)[0m  [1m[36mbegin transaction[0m
  ↳ bin/rails:9
  [1m[36mActiveRecord::InternalMetadata Create (5.3ms)[0m  [1m[32mINSERT INTO "ar_internal_metadata" ("key", "value", "created_at", "updated_at") VALUES (?, ?, ?, ?)[0m  [["key", "environment"], ["value", "development"], ["created_at", "2021-12-07 17:19:24.878568"], ["updated_at", "2021-12-07 17:19:24.878568"]]
  ↳ bin/rails:9
  [1m[35m (13.8ms)[0m  [1m[36mcommit transaction[0m
  ↳ bin/rails:9
  [1m[35m (0.1ms)[0m  [1m[34mSELECT "schema_migrations"."version" FROM "schema_migrations" ORDER BY "schema_migrations"."version" ASC[0m
  ↳ bin/rails:9
Started GET "/" for ::1 at 2021-12-07 22:21:46 +0500
  [1m[35m (0.2ms)[0m  [1m[34mSELECT "schema_migrations"."version" FROM "schema_migrations" ORDER BY "schema_migrations"."version" ASC[0m
  ↳ /home/ali/.rvm/gems/ruby-2.7.2/gems/activerecord-5.2.6/lib/active_record/log_subscriber.rb:98
Processing by Rails::WelcomeController#index as HTML
  Rendering /home/ali/.rvm/gems/ruby-2.7.2/gems/railties-5.2.6/lib/rails/templates/rails/welcome/index.html.erb
  Rendered /home/ali/.rvm/gems/ruby-2.7.2/gems/railties-5.2.6/lib/rails/templates/rails/welcome/index.html.erb (9.9ms)
Completed 200 OK in 29ms (Views: 24.5ms | ActiveRecord: 0.0ms)


Started GET "/api/version1/" for ::1 at 2021-12-07 22:21:58 +0500
  
ActionController::RoutingError (No route matches [GET] "/api/version1"):
  
actionpack (5.2.6) lib/action_dispatch/middleware/debug_exceptions.rb:65:in `call'
actionpack (5.2.6) lib/action_dispatch/middleware/show_exceptions.rb:33:in `call'
railties (5.2.6) lib/rails/rack/logger.rb:38:in `call_app'
railties (5.2.6) lib/rails/rack/logger.rb:26:in `block in call'
activesupport (5.2.6) lib/active_support/tagged_logging.rb:71:in `block in tagged'
activesupport (5.2.6) lib/active_support/tagged_logging.rb:28:in `tagged'
activesupport (5.2.6) lib/active_support/tagged_logging.rb:71:in `tagged'
railties (5.2.6) lib/rails/rack/logger.rb:26:in `call'
actionpack (5.2.6) lib/action_dispatch/middleware/remote_ip.rb:81:in `call'
actionpack (5.2.6) lib/action_dispatch/middleware/request_id.rb:27:in `call'
rack (2.2.3) lib/rack/runtime.rb:22:in `call'
activesupport (5.2.6) lib/active_support/cache/strategy/local_cache_middleware.rb:29:in `call'
actionpack (5.2.6) lib/action_dispatch/middleware/executor.rb:14:in `call'
actionpack (5.2.6) lib/action_dispatch/middleware/static.rb:127:in `call'
rack (2.2.3) lib/rack/sendfile.rb:110:in `call'
railties (5.2.6) lib/rails/engine.rb:524:in `call'
puma (3.12.6) lib/puma/configuration.rb:227:in `call'
puma (3.12.6) lib/puma/server.rb:706:in `handle_request'
puma (3.12.6) lib/puma/server.rb:476:in `process_client'
puma (3.12.6) lib/puma/server.rb:334:in `block in run'
puma (3.12.6) lib/puma/thread_pool.rb:135:in `block in spawn_thread'
Started GET "/api/version1/tdlists" for ::1 at 2021-12-07 22:22:05 +0500
Processing by TdlistsController#index as HTML
  [1m[36mTdlist Load (0.2ms)[0m  [1m[34mSELECT "tdlists".* FROM "tdlists" ORDER BY created_at DESC[0m
  ↳ app/controllers/tdlists_controller.rb:4
Completed 200 OK in 14ms (Views: 4.1ms | ActiveRecord: 0.5ms)


  [1m[35m (0.2ms)[0m  [1m[34mSELECT "schema_migrations"."version" FROM "schema_migrations" ORDER BY "schema_migrations"."version" ASC[0m
  ↳ bin/rails:9
  [1m[35m (0.1ms)[0m  [1m[36mbegin transaction[0m
  ↳ db/seeds.rb:9
  [1m[36mTdlist Create (5.6ms)[0m  [1m[32mINSERT INTO "tdlists" ("title", "done", "created_at", "updated_at") VALUES (?, ?, ?, ?)[0m  [["title", "Schedule meetings: IT, Accounts, HR"], ["done", 0], ["created_at", "2021-12-07 17:22:46.796128"], ["updated_at", "2021-12-07 17:22:46.796128"]]
  ↳ db/seeds.rb:9
  [1m[35m (17.0ms)[0m  [1m[36mcommit transaction[0m
  ↳ db/seeds.rb:9
  [1m[35m (0.1ms)[0m  [1m[36mbegin transaction[0m
  ↳ db/seeds.rb:10
  [1m[36mTdlist Create (0.5ms)[0m  [1m[32mINSERT INTO "tdlists" ("title", "done", "created_at", "updated_at") VALUES (?, ?, ?, ?)[0m  [["title", "Visit children's home: perform duties"], ["done", 0], ["created_at", "2021-12-07 17:22:46.827874"], ["updated_at", "2021-12-07 17:22:46.827874"]]
  ↳ db/seeds.rb:10
  [1m[35m (9.8ms)[0m  [1m[36mcommit transaction[0m
  ↳ db/seeds.rb:10
Started GET "/api/version1/tdlists" for ::1 at 2021-12-07 22:22:54 +0500
  [1m[35m (0.2ms)[0m  [1m[34mSELECT "schema_migrations"."version" FROM "schema_migrations" ORDER BY "schema_migrations"."version" ASC[0m
  ↳ /home/ali/.rvm/gems/ruby-2.7.2/gems/activerecord-5.2.6/lib/active_record/log_subscriber.rb:98
Processing by TdlistsController#index as HTML
  [1m[36mTdlist Load (0.2ms)[0m  [1m[34mSELECT "tdlists".* FROM "tdlists" ORDER BY created_at DESC[0m
  ↳ app/controllers/tdlists_controller.rb:4
Completed 200 OK in 19ms (Views: 16.3ms | ActiveRecord: 0.9ms)


Started GET "/" for ::1 at 2021-12-07 23:50:30 +0500
  [1m[35m (0.2ms)[0m  [1m[34mSELECT "schema_migrations"."version" FROM "schema_migrations" ORDER BY "schema_migrations"."version" ASC[0m
  ↳ /home/ali/.rvm/gems/ruby-2.7.2/gems/activerecord-5.2.6/lib/active_record/log_subscriber.rb:98
Processing by Rails::WelcomeController#index as HTML
  Rendering /home/ali/.rvm/gems/ruby-2.7.2/gems/railties-5.2.6/lib/rails/templates/rails/welcome/index.html.erb
  Rendered /home/ali/.rvm/gems/ruby-2.7.2/gems/railties-5.2.6/lib/rails/templates/rails/welcome/index.html.erb (8.1ms)
Completed 200 OK in 37ms (Views: 28.6ms | ActiveRecord: 0.0ms)


Started GET "/api/version1/tdlists" for 127.0.0.1 at 2021-12-07 23:51:57 +0500
  [1m[35m (0.2ms)[0m  [1m[34mSELECT "schema_migrations"."version" FROM "schema_migrations" ORDER BY "schema_migrations"."version" ASC[0m
  ↳ /home/ali/.rvm/gems/ruby-2.7.2/gems/activerecord-5.2.6/lib/active_record/log_subscriber.rb:98
Processing by TdlistsController#index as HTML
  [1m[36mTdlist Load (3.8ms)[0m  [1m[34mSELECT "tdlists".* FROM "tdlists" ORDER BY created_at DESC[0m
  ↳ app/controllers/tdlists_controller.rb:4
Completed 200 OK in 60ms (Views: 39.7ms | ActiveRecord: 5.9ms)


Started GET "/" for ::1 at 2021-12-07 23:52:32 +0500
Processing by Rails::WelcomeController#index as HTML
  Rendering /home/ali/.rvm/gems/ruby-2.7.2/gems/railties-5.2.6/lib/rails/templates/rails/welcome/index.html.erb
  Rendered /home/ali/.rvm/gems/ruby-2.7.2/gems/railties-5.2.6/lib/rails/templates/rails/welcome/index.html.erb (4.0ms)
Completed 200 OK in 13ms (Views: 9.7ms | ActiveRecord: 0.0ms)


Started GET "/api/version1/tdlists" for 127.0.0.1 at 2021-12-07 23:52:38 +0500
Processing by TdlistsController#index as HTML
  [1m[36mTdlist Load (0.2ms)[0m  [1m[34mSELECT "tdlists".* FROM "tdlists" ORDER BY created_at DESC[0m
  ↳ app/controllers/tdlists_controller.rb:4
Completed 200 OK in 8ms (Views: 2.8ms | ActiveRecord: 0.2ms)


Started GET "/api/version1/tdlists" for 127.0.0.1 at 2021-12-07 23:53:31 +0500
  [1m[35m (0.5ms)[0m  [1m[34mSELECT "schema_migrations"."version" FROM "schema_migrations" ORDER BY "schema_migrations"."version" ASC[0m
  ↳ /home/ali/.rvm/gems/ruby-2.7.2/gems/activerecord-5.2.6/lib/active_record/log_subscriber.rb:98
Processing by TdlistsController#index as HTML
  [1m[36mTdlist Load (0.4ms)[0m  [1m[34mSELECT "tdlists".* FROM "tdlists" ORDER BY created_at DESC[0m
  ↳ app/controllers/tdlists_controller.rb:4
Completed 200 OK in 14ms (Views: 11.3ms | ActiveRecord: 1.1ms)


Started GET "/api/version1/tdlists" for 127.0.0.1 at 2021-12-08 00:10:00 +0500
  [1m[35m (0.2ms)[0m  [1m[34mSELECT "schema_migrations"."version" FROM "schema_migrations" ORDER BY "schema_migrations"."version" ASC[0m
  ↳ /home/ali/.rvm/gems/ruby-2.7.2/gems/activerecord-5.2.6/lib/active_record/log_subscriber.rb:98
Processing by TdlistsController#index as HTML
  [1m[36mTdlist Load (0.6ms)[0m  [1m[34mSELECT "tdlists".* FROM "tdlists" ORDER BY created_at DESC[0m
  ↳ app/controllers/tdlists_controller.rb:4
Completed 200 OK in 19ms (Views: 13.4ms | ActiveRecord: 1.9ms)


Started POST "/api/version1/tdlists" for 127.0.0.1 at 2021-12-08 00:10:07 +0500
Processing by TdlistsController#create as HTML
  Parameters: {"tdlist"=>{"title"=>"My new task"}}
  [1m[35m (0.1ms)[0m  [1m[36mbegin transaction[0m
  ↳ app/controllers/tdlists_controller.rb:8
  [1m[36mTdlist Create (5.3ms)[0m  [1m[32mINSERT INTO "tdlists" ("title", "created_at", "updated_at") VALUES (?, ?, ?)[0m  [["title", "My new task"], ["created_at", "2021-12-07 19:10:07.126838"], ["updated_at", "2021-12-07 19:10:07.126838"]]
  ↳ app/controllers/tdlists_controller.rb:8
  [1m[35m (16.5ms)[0m  [1m[36mcommit transaction[0m
  ↳ app/controllers/tdlists_controller.rb:8
Completed 200 OK in 35ms (Views: 1.5ms | ActiveRecord: 21.9ms)


Started GET "/api/version1/tdlists" for 127.0.0.1 at 2021-12-08 00:11:38 +0500
Processing by TdlistsController#index as HTML
  [1m[36mTdlist Load (0.3ms)[0m  [1m[34mSELECT "tdlists".* FROM "tdlists" ORDER BY created_at DESC[0m
  ↳ app/controllers/tdlists_controller.rb:4
Completed 200 OK in 4ms (Views: 3.2ms | ActiveRecord: 0.3ms)


Started GET "/api/version1/tdlists" for 127.0.0.1 at 2021-12-08 00:13:13 +0500
Processing by TdlistsController#index as HTML
  [1m[36mTdlist Load (0.9ms)[0m  [1m[34mSELECT "tdlists".* FROM "tdlists" ORDER BY created_at DESC[0m
  ↳ app/controllers/tdlists_controller.rb:4
Completed 200 OK in 4ms (Views: 3.2ms | ActiveRecord: 0.9ms)


Started GET "/api/version1/tdlists" for 127.0.0.1 at 2021-12-08 00:13:35 +0500
  [1m[35m (0.2ms)[0m  [1m[34mSELECT "schema_migrations"."version" FROM "schema_migrations" ORDER BY "schema_migrations"."version" ASC[0m
  ↳ /home/ali/.rvm/gems/ruby-2.7.2/gems/activerecord-5.2.6/lib/active_record/log_subscriber.rb:98
Processing by TdlistsController#index as HTML
  [1m[36mTdlist Load (0.2ms)[0m  [1m[34mSELECT "tdlists".* FROM "tdlists" ORDER BY created_at DESC[0m
  ↳ app/controllers/tdlists_controller.rb:4
Completed 200 OK in 17ms (Views: 14.4ms | ActiveRecord: 1.0ms)


Started POST "/api/version1/tdlists" for 127.0.0.1 at 2021-12-08 00:13:43 +0500
Processing by TdlistsController#create as HTML
  Parameters: {"tdlist"=>{"title"=>"My new task 2"}}
  [1m[35m (0.1ms)[0m  [1m[36mbegin transaction[0m
  ↳ app/controllers/tdlists_controller.rb:8
  [1m[36mTdlist Create (0.5ms)[0m  [1m[32mINSERT INTO "tdlists" ("title", "created_at", "updated_at") VALUES (?, ?, ?)[0m  [["title", "My new task 2"], ["created_at", "2021-12-07 19:13:43.042458"], ["updated_at", "2021-12-07 19:13:43.042458"]]
  ↳ app/controllers/tdlists_controller.rb:8
  [1m[35m (15.8ms)[0m  [1m[36mcommit transaction[0m
  ↳ app/controllers/tdlists_controller.rb:8
Completed 200 OK in 24ms (Views: 0.3ms | ActiveRecord: 16.3ms)


Started GET "/api/version1/tdlists" for 127.0.0.1 at 2021-12-08 00:14:21 +0500
Processing by TdlistsController#index as HTML
  [1m[36mTdlist Load (1.2ms)[0m  [1m[34mSELECT "tdlists".* FROM "tdlists" ORDER BY created_at DESC[0m
  ↳ app/controllers/tdlists_controller.rb:4
Completed 200 OK in 5ms (Views: 3.5ms | ActiveRecord: 1.2ms)


Started GET "/api/version1/tdlists" for 127.0.0.1 at 2021-12-08 00:14:24 +0500
Processing by TdlistsController#index as HTML
  [1m[36mTdlist Load (0.4ms)[0m  [1m[34mSELECT "tdlists".* FROM "tdlists" ORDER BY created_at DESC[0m
  ↳ app/controllers/tdlists_controller.rb:4
Completed 200 OK in 4ms (Views: 2.8ms | ActiveRecord: 0.4ms)


Started GET "/api/version1/tdlists" for 127.0.0.1 at 2021-12-08 00:14:29 +0500
Processing by TdlistsController#index as HTML
  [1m[36mTdlist Load (0.3ms)[0m  [1m[34mSELECT "tdlists".* FROM "tdlists" ORDER BY created_at DESC[0m
  ↳ app/controllers/tdlists_controller.rb:4
Completed 200 OK in 9ms (Views: 8.4ms | ActiveRecord: 0.3ms)


Started POST "/api/version1/tdlists" for 127.0.0.1 at 2021-12-08 00:14:34 +0500
Processing by TdlistsController#create as HTML
  Parameters: {"tdlist"=>{"title"=>"My new task 3"}}
  [1m[35m (0.1ms)[0m  [1m[36mbegin transaction[0m
  ↳ app/controllers/tdlists_controller.rb:8
  [1m[36mTdlist Create (0.8ms)[0m  [1m[32mINSERT INTO "tdlists" ("title", "created_at", "updated_at") VALUES (?, ?, ?)[0m  [["title", "My new task 3"], ["created_at", "2021-12-07 19:14:34.860683"], ["updated_at", "2021-12-07 19:14:34.860683"]]
  ↳ app/controllers/tdlists_controller.rb:8
  [1m[35m (19.2ms)[0m  [1m[36mcommit transaction[0m
  ↳ app/controllers/tdlists_controller.rb:8
Completed 200 OK in 32ms (Views: 1.3ms | ActiveRecord: 20.1ms)


Started POST "/api/version1/tdlists" for 127.0.0.1 at 2021-12-08 00:14:36 +0500
Processing by TdlistsController#create as HTML
  Parameters: {"tdlist"=>{"title"=>"My new task 3"}}
  [1m[35m (0.1ms)[0m  [1m[36mbegin transaction[0m
  ↳ app/controllers/tdlists_controller.rb:8
  [1m[36mTdlist Create (0.3ms)[0m  [1m[32mINSERT INTO "tdlists" ("title", "created_at", "updated_at") VALUES (?, ?, ?)[0m  [["title", "My new task 3"], ["created_at", "2021-12-07 19:14:36.020795"], ["updated_at", "2021-12-07 19:14:36.020795"]]
  ↳ app/controllers/tdlists_controller.rb:8
  [1m[35m (13.3ms)[0m  [1m[36mcommit transaction[0m
  ↳ app/controllers/tdlists_controller.rb:8
Completed 200 OK in 26ms (Views: 0.3ms | ActiveRecord: 13.8ms)


Started POST "/api/version1/tdlists" for 127.0.0.1 at 2021-12-08 00:14:36 +0500
Processing by TdlistsController#create as HTML
  Parameters: {"tdlist"=>{"title"=>"My new task 3"}}
  [1m[35m (0.1ms)[0m  [1m[36mbegin transaction[0m
  ↳ app/controllers/tdlists_controller.rb:8
  [1m[36mTdlist Create (0.5ms)[0m  [1m[32mINSERT INTO "tdlists" ("title", "created_at", "updated_at") VALUES (?, ?, ?)[0m  [["title", "My new task 3"], ["created_at", "2021-12-07 19:14:36.216037"], ["updated_at", "2021-12-07 19:14:36.216037"]]
  ↳ app/controllers/tdlists_controller.rb:8
  [1m[35m (29.5ms)[0m  [1m[36mcommit transaction[0m
  ↳ app/controllers/tdlists_controller.rb:8
Completed 200 OK in 48ms (Views: 0.3ms | ActiveRecord: 30.1ms)


Started POST "/api/version1/tdlists" for 127.0.0.1 at 2021-12-08 00:14:36 +0500
Processing by TdlistsController#create as HTML
  Parameters: {"tdlist"=>{"title"=>"My new task 3"}}
  [1m[35m (0.1ms)[0m  [1m[36mbegin transaction[0m
  ↳ app/controllers/tdlists_controller.rb:8
  [1m[36mTdlist Create (1.0ms)[0m  [1m[32mINSERT INTO "tdlists" ("title", "created_at", "updated_at") VALUES (?, ?, ?)[0m  [["title", "My new task 3"], ["created_at", "2021-12-07 19:14:36.365120"], ["updated_at", "2021-12-07 19:14:36.365120"]]
  ↳ app/controllers/tdlists_controller.rb:8
  [1m[35m (21.1ms)[0m  [1m[36mcommit transaction[0m
  ↳ app/controllers/tdlists_controller.rb:8
Completed 200 OK in 34ms (Views: 0.7ms | ActiveRecord: 22.2ms)


Started POST "/api/version1/tdlists" for 127.0.0.1 at 2021-12-08 00:14:36 +0500
Processing by TdlistsController#create as HTML
  Parameters: {"tdlist"=>{"title"=>"My new task 3"}}
  [1m[35m (0.1ms)[0m  [1m[36mbegin transaction[0m
  ↳ app/controllers/tdlists_controller.rb:8
  [1m[36mTdlist Create (0.9ms)[0m  [1m[32mINSERT INTO "tdlists" ("title", "created_at", "updated_at") VALUES (?, ?, ?)[0m  [["title", "My new task 3"], ["created_at", "2021-12-07 19:14:36.501853"], ["updated_at", "2021-12-07 19:14:36.501853"]]
  ↳ app/controllers/tdlists_controller.rb:8
  [1m[35m (16.1ms)[0m  [1m[36mcommit transaction[0m
  ↳ app/controllers/tdlists_controller.rb:8
Completed 200 OK in 30ms (Views: 3.2ms | ActiveRecord: 17.1ms)


Started POST "/api/version1/tdlists" for 127.0.0.1 at 2021-12-08 00:14:36 +0500
Processing by TdlistsController#create as HTML
  Parameters: {"tdlist"=>{"title"=>"My new task 3"}}
  [1m[35m (0.3ms)[0m  [1m[36mbegin transaction[0m
  ↳ app/controllers/tdlists_controller.rb:8
  [1m[36mTdlist Create (0.5ms)[0m  [1m[32mINSERT INTO "tdlists" ("title", "created_at", "updated_at") VALUES (?, ?, ?)[0m  [["title", "My new task 3"], ["created_at", "2021-12-07 19:14:36.635364"], ["updated_at", "2021-12-07 19:14:36.635364"]]
  ↳ app/controllers/tdlists_controller.rb:8
  [1m[35m (18.0ms)[0m  [1m[36mcommit transaction[0m
  ↳ app/controllers/tdlists_controller.rb:8
Completed 200 OK in 42ms (Views: 0.5ms | ActiveRecord: 18.8ms)


Started GET "/api/version1/tdlists" for 127.0.0.1 at 2021-12-08 00:14:42 +0500
Processing by TdlistsController#index as HTML
  [1m[36mTdlist Load (0.8ms)[0m  [1m[34mSELECT "tdlists".* FROM "tdlists" ORDER BY created_at DESC[0m
  ↳ app/controllers/tdlists_controller.rb:4
Completed 200 OK in 12ms (Views: 11.2ms | ActiveRecord: 0.8ms)


Started GET "/api/version1/tdlists" for 127.0.0.1 at 2021-12-08 00:14:53 +0500
Processing by TdlistsController#index as HTML
  [1m[36mTdlist Load (0.2ms)[0m  [1m[34mSELECT "tdlists".* FROM "tdlists" ORDER BY created_at DESC[0m
  ↳ app/controllers/tdlists_controller.rb:4
Completed 200 OK in 3ms (Views: 2.1ms | ActiveRecord: 0.2ms)


Started GET "/api/version1/tdlists" for 127.0.0.1 at 2021-12-08 00:14:55 +0500
Processing by TdlistsController#index as HTML
  [1m[36mTdlist Load (0.2ms)[0m  [1m[34mSELECT "tdlists".* FROM "tdlists" ORDER BY created_at DESC[0m
  ↳ app/controllers/tdlists_controller.rb:4
Completed 200 OK in 8ms (Views: 7.7ms | ActiveRecord: 0.2ms)


Started GET "/api/version1/tdlists" for 127.0.0.1 at 2021-12-08 00:16:18 +0500
Processing by TdlistsController#index as HTML
  [1m[36mTdlist Load (4.0ms)[0m  [1m[34mSELECT "tdlists".* FROM "tdlists" ORDER BY created_at DESC[0m
  ↳ app/controllers/tdlists_controller.rb:4
Completed 200 OK in 12ms (Views: 7.6ms | ActiveRecord: 4.0ms)


Started GET "/api/version1/tdlists" for 127.0.0.1 at 2021-12-08 00:16:26 +0500
Processing by TdlistsController#index as HTML
  [1m[36mTdlist Load (0.3ms)[0m  [1m[34mSELECT "tdlists".* FROM "tdlists" ORDER BY created_at DESC[0m
  ↳ app/controllers/tdlists_controller.rb:4
Completed 200 OK in 6ms (Views: 5.8ms | ActiveRecord: 0.3ms)


Started GET "/api/version1/tdlists" for 127.0.0.1 at 2021-12-08 00:52:28 +0500
Processing by TdlistsController#index as HTML
  [1m[36mTdlist Load (0.3ms)[0m  [1m[34mSELECT "tdlists".* FROM "tdlists" ORDER BY created_at DESC[0m
  ↳ app/controllers/tdlists_controller.rb:4
Completed 200 OK in 22ms (Views: 20.1ms | ActiveRecord: 0.3ms)


Started POST "/api/version1/tdlists" for 127.0.0.1 at 2021-12-08 00:53:09 +0500
Processing by TdlistsController#create as HTML
  Parameters: {"tdlist"=>{"title"=>"My new task 4"}}
  [1m[35m (0.1ms)[0m  [1m[36mbegin transaction[0m
  ↳ app/controllers/tdlists_controller.rb:8
  [1m[36mTdlist Create (1.2ms)[0m  [1m[32mINSERT INTO "tdlists" ("title", "created_at", "updated_at") VALUES (?, ?, ?)[0m  [["title", "My new task 4"], ["created_at", "2021-12-07 19:53:09.821111"], ["updated_at", "2021-12-07 19:53:09.821111"]]
  ↳ app/controllers/tdlists_controller.rb:8
  [1m[35m (19.6ms)[0m  [1m[36mcommit transaction[0m
  ↳ app/controllers/tdlists_controller.rb:8
Completed 200 OK in 36ms (Views: 2.1ms | ActiveRecord: 20.9ms)


Started POST "/api/version1/tdlists" for 127.0.0.1 at 2021-12-08 01:08:18 +0500
Processing by TdlistsController#create as HTML
  Parameters: {"tdlist"=>{"title"=>"My new task 4"}}
  [1m[35m (0.1ms)[0m  [1m[36mbegin transaction[0m
  ↳ app/controllers/tdlists_controller.rb:8
  [1m[36mTdlist Create (0.7ms)[0m  [1m[32mINSERT INTO "tdlists" ("title", "created_at", "updated_at") VALUES (?, ?, ?)[0m  [["title", "My new task 4"], ["created_at", "2021-12-07 20:08:18.179769"], ["updated_at", "2021-12-07 20:08:18.179769"]]
  ↳ app/controllers/tdlists_controller.rb:8
  [1m[35m (26.2ms)[0m  [1m[36mcommit transaction[0m
  ↳ app/controllers/tdlists_controller.rb:8
Completed 200 OK in 34ms (Views: 0.5ms | ActiveRecord: 27.0ms)


Started GET "/api/version1/tdlists" for 127.0.0.1 at 2021-12-08 01:08:43 +0500
  [1m[35m (0.2ms)[0m  [1m[34mSELECT "schema_migrations"."version" FROM "schema_migrations" ORDER BY "schema_migrations"."version" ASC[0m
  ↳ /home/ali/.rvm/gems/ruby-2.7.2/gems/activerecord-5.2.6/lib/active_record/log_subscriber.rb:98
Processing by TdlistsController#index as HTML
  [1m[36mTdlist Load (0.3ms)[0m  [1m[34mSELECT "tdlists".* FROM "tdlists" ORDER BY created_at DESC[0m
  ↳ app/controllers/tdlists_controller.rb:4
Completed 200 OK in 26ms (Views: 20.9ms | ActiveRecord: 1.0ms)


Started POST "/api/version1/tdlists" for 127.0.0.1 at 2021-12-08 01:09:22 +0500
Processing by TdlistsController#create as HTML
  Parameters: {"tdlist"=>{"title"=>"My new task 5"}}
  [1m[35m (0.1ms)[0m  [1m[36mbegin transaction[0m
  ↳ app/controllers/tdlists_controller.rb:8
  [1m[36mTdlist Create (0.6ms)[0m  [1m[32mINSERT INTO "tdlists" ("title", "created_at", "updated_at") VALUES (?, ?, ?)[0m  [["title", "My new task 5"], ["created_at", "2021-12-07 20:09:22.082839"], ["updated_at", "2021-12-07 20:09:22.082839"]]
  ↳ app/controllers/tdlists_controller.rb:8
  [1m[35m (29.1ms)[0m  [1m[36mcommit transaction[0m
  ↳ app/controllers/tdlists_controller.rb:8
Completed 200 OK in 37ms (Views: 0.5ms | ActiveRecord: 29.8ms)


Started GET "/api/version1/tdlists" for 127.0.0.1 at 2021-12-08 01:09:28 +0500
Processing by TdlistsController#index as HTML
  [1m[36mTdlist Load (4.5ms)[0m  [1m[34mSELECT "tdlists".* FROM "tdlists" ORDER BY created_at DESC[0m
  ↳ app/controllers/tdlists_controller.rb:4
Completed 200 OK in 27ms (Views: 21.1ms | ActiveRecord: 4.5ms)


Started POST "/api/version1/tdlists" for 127.0.0.1 at 2021-12-08 01:10:19 +0500
Processing by TdlistsController#create as HTML
  Parameters: {"tdlist"=>{"title"=>"My new task 6"}}
  [1m[35m (0.1ms)[0m  [1m[36mbegin transaction[0m
  ↳ app/controllers/tdlists_controller.rb:8
  [1m[36mTdlist Create (0.9ms)[0m  [1m[32mINSERT INTO "tdlists" ("title", "created_at", "updated_at") VALUES (?, ?, ?)[0m  [["title", "My new task 6"], ["created_at", "2021-12-07 20:10:19.680045"], ["updated_at", "2021-12-07 20:10:19.680045"]]
  ↳ app/controllers/tdlists_controller.rb:8
  [1m[35m (36.5ms)[0m  [1m[36mcommit transaction[0m
  ↳ app/controllers/tdlists_controller.rb:8
Completed 200 OK in 48ms (Views: 4.0ms | ActiveRecord: 37.5ms)


Started GET "/api/version1/tdlists" for 127.0.0.1 at 2021-12-08 01:10:34 +0500
Processing by TdlistsController#index as HTML
  [1m[36mTdlist Load (0.5ms)[0m  [1m[34mSELECT "tdlists".* FROM "tdlists" ORDER BY created_at DESC[0m
  ↳ app/controllers/tdlists_controller.rb:4
Completed 200 OK in 14ms (Views: 13.5ms | ActiveRecord: 0.5ms)


Started GET "/api/version1/tdlists" for 127.0.0.1 at 2021-12-08 01:12:47 +0500
Processing by TdlistsController#index as HTML
  [1m[36mTdlist Load (0.2ms)[0m  [1m[34mSELECT "tdlists".* FROM "tdlists" ORDER BY created_at DESC[0m
  ↳ app/controllers/tdlists_controller.rb:4
Completed 200 OK in 10ms (Views: 9.5ms | ActiveRecord: 0.2ms)


Started POST "/api/version1/tdlists" for 127.0.0.1 at 2021-12-08 01:12:51 +0500
Processing by TdlistsController#create as HTML
  Parameters: {"tdlist"=>{"title"=>"My new task 7"}}
  [1m[35m (0.1ms)[0m  [1m[36mbegin transaction[0m
  ↳ app/controllers/tdlists_controller.rb:8
  [1m[36mTdlist Create (0.9ms)[0m  [1m[32mINSERT INTO "tdlists" ("title", "created_at", "updated_at") VALUES (?, ?, ?)[0m  [["title", "My new task 7"], ["created_at", "2021-12-07 20:12:51.842073"], ["updated_at", "2021-12-07 20:12:51.842073"]]
  ↳ app/controllers/tdlists_controller.rb:8
  [1m[35m (22.2ms)[0m  [1m[36mcommit transaction[0m
  ↳ app/controllers/tdlists_controller.rb:8
Completed 200 OK in 52ms (Views: 3.1ms | ActiveRecord: 23.2ms)


Started GET "/api/version1/tdlists" for 127.0.0.1 at 2021-12-08 01:31:25 +0500
Processing by TdlistsController#index as HTML
  [1m[36mTdlist Load (0.6ms)[0m  [1m[34mSELECT "tdlists".* FROM "tdlists" ORDER BY created_at DESC[0m
  ↳ app/controllers/tdlists_controller.rb:4
Completed 200 OK in 9ms (Views: 8.6ms | ActiveRecord: 0.6ms)


Started GET "/api/version1/tdlists" for 127.0.0.1 at 2021-12-08 01:32:35 +0500
Processing by TdlistsController#index as HTML
  [1m[36mTdlist Load (0.2ms)[0m  [1m[34mSELECT "tdlists".* FROM "tdlists" ORDER BY created_at DESC[0m
  ↳ app/controllers/tdlists_controller.rb:4
Completed 200 OK in 8ms (Views: 7.4ms | ActiveRecord: 0.2ms)


Started GET "/api/version1/tdlists" for 127.0.0.1 at 2021-12-08 01:32:42 +0500
Processing by TdlistsController#index as HTML
  [1m[36mTdlist Load (0.3ms)[0m  [1m[34mSELECT "tdlists".* FROM "tdlists" ORDER BY created_at DESC[0m
  ↳ app/controllers/tdlists_controller.rb:4
Completed 200 OK in 5ms (Views: 4.1ms | ActiveRecord: 0.3ms)


Started POST "/api/version1/tdlists" for 127.0.0.1 at 2021-12-08 01:32:48 +0500
Processing by TdlistsController#create as HTML
  Parameters: {"tdlist"=>{"title"=>"My new task 8"}}
  [1m[35m (0.9ms)[0m  [1m[36mbegin transaction[0m
  ↳ app/controllers/tdlists_controller.rb:8
  [1m[36mTdlist Create (0.5ms)[0m  [1m[32mINSERT INTO "tdlists" ("title", "created_at", "updated_at") VALUES (?, ?, ?)[0m  [["title", "My new task 8"], ["created_at", "2021-12-07 20:32:48.699394"], ["updated_at", "2021-12-07 20:32:48.699394"]]
  ↳ app/controllers/tdlists_controller.rb:8
  [1m[35m (16.9ms)[0m  [1m[36mcommit transaction[0m
  ↳ app/controllers/tdlists_controller.rb:8
Completed 200 OK in 32ms (Views: 1.2ms | ActiveRecord: 18.2ms)


Started GET "/api/version1/tdlists" for 127.0.0.1 at 2021-12-08 01:33:48 +0500
Processing by TdlistsController#index as HTML
  [1m[36mTdlist Load (0.4ms)[0m  [1m[34mSELECT "tdlists".* FROM "tdlists" ORDER BY created_at DESC[0m
  ↳ app/controllers/tdlists_controller.rb:4
Completed 200 OK in 7ms (Views: 6.1ms | ActiveRecord: 0.4ms)


Started GET "/api/version1/tdlists" for 127.0.0.1 at 2021-12-08 01:34:09 +0500
Processing by TdlistsController#index as HTML
  [1m[36mTdlist Load (0.3ms)[0m  [1m[34mSELECT "tdlists".* FROM "tdlists" ORDER BY created_at DESC[0m
  ↳ app/controllers/tdlists_controller.rb:4
Completed 200 OK in 9ms (Views: 8.4ms | ActiveRecord: 0.3ms)


Started GET "/api/version1/tdlists" for 127.0.0.1 at 2021-12-08 01:34:29 +0500
Processing by TdlistsController#index as HTML
  [1m[36mTdlist Load (0.3ms)[0m  [1m[34mSELECT "tdlists".* FROM "tdlists" ORDER BY created_at DESC[0m
  ↳ app/controllers/tdlists_controller.rb:4
Completed 200 OK in 12ms (Views: 11.8ms | ActiveRecord: 0.3ms)


Started GET "/api/version1/tdlists" for 127.0.0.1 at 2021-12-08 01:34:52 +0500
Processing by TdlistsController#index as HTML
  [1m[36mTdlist Load (0.5ms)[0m  [1m[34mSELECT "tdlists".* FROM "tdlists" ORDER BY created_at DESC[0m
  ↳ app/controllers/tdlists_controller.rb:4
Completed 200 OK in 16ms (Views: 14.7ms | ActiveRecord: 0.5ms)


Started GET "/api/version1/tdlists" for 127.0.0.1 at 2021-12-08 01:35:27 +0500
Processing by TdlistsController#index as HTML
  [1m[36mTdlist Load (0.2ms)[0m  [1m[34mSELECT "tdlists".* FROM "tdlists" ORDER BY created_at DESC[0m
  ↳ app/controllers/tdlists_controller.rb:4
Completed 200 OK in 8ms (Views: 7.8ms | ActiveRecord: 0.2ms)


Started GET "/api/version1/tdlists" for 127.0.0.1 at 2021-12-08 01:35:49 +0500
Processing by TdlistsController#index as HTML
  [1m[36mTdlist Load (0.4ms)[0m  [1m[34mSELECT "tdlists".* FROM "tdlists" ORDER BY created_at DESC[0m
  ↳ app/controllers/tdlists_controller.rb:4
Completed 200 OK in 9ms (Views: 8.6ms | ActiveRecord: 0.4ms)


Started GET "/api/version1/tdlists" for 127.0.0.1 at 2021-12-08 01:37:18 +0500
Processing by TdlistsController#index as HTML
  [1m[36mTdlist Load (0.8ms)[0m  [1m[34mSELECT "tdlists".* FROM "tdlists" ORDER BY created_at DESC[0m
  ↳ app/controllers/tdlists_controller.rb:4
Completed 200 OK in 5ms (Views: 4.1ms | ActiveRecord: 0.8ms)


Started POST "/api/version1/tdlists" for 127.0.0.1 at 2021-12-08 01:37:23 +0500
Processing by TdlistsController#create as HTML
  Parameters: {"tdlist"=>{"title"=>"My final task"}}
  [1m[35m (0.1ms)[0m  [1m[36mbegin transaction[0m
  ↳ app/controllers/tdlists_controller.rb:8
  [1m[36mTdlist Create (0.6ms)[0m  [1m[32mINSERT INTO "tdlists" ("title", "created_at", "updated_at") VALUES (?, ?, ?)[0m  [["title", "My final task"], ["created_at", "2021-12-07 20:37:23.006619"], ["updated_at", "2021-12-07 20:37:23.006619"]]
  ↳ app/controllers/tdlists_controller.rb:8
  [1m[35m (26.1ms)[0m  [1m[36mcommit transaction[0m
  ↳ app/controllers/tdlists_controller.rb:8
Completed 200 OK in 43ms (Views: 0.4ms | ActiveRecord: 26.8ms)


Started PUT "/api/version1/tdlists/17" for 127.0.0.1 at 2021-12-08 01:37:24 +0500
Processing by TdlistsController#update as HTML
  Parameters: {"tdlist"=>{"done"=>true}, "id"=>"17"}
  [1m[36mTdlist Load (0.4ms)[0m  [1m[34mSELECT  "tdlists".* FROM "tdlists" WHERE "tdlists"."id" = ? LIMIT ?[0m  [["id", 17], ["LIMIT", 1]]
  ↳ app/controllers/tdlists_controller.rb:13
  [1m[35m (0.1ms)[0m  [1m[36mbegin transaction[0m
  ↳ app/controllers/tdlists_controller.rb:14
  [1m[36mTdlist Update (1.9ms)[0m  [1m[33mUPDATE "tdlists" SET "done" = ?, "updated_at" = ? WHERE "tdlists"."id" = ?[0m  [["done", 1], ["updated_at", "2021-12-07 20:37:24.954844"], ["id", 17]]
  ↳ app/controllers/tdlists_controller.rb:14
  [1m[35m (18.8ms)[0m  [1m[36mcommit transaction[0m
  ↳ app/controllers/tdlists_controller.rb:14
Completed 200 OK in 49ms (Views: 0.4ms | ActiveRecord: 21.1ms)


Started PUT "/api/version1/tdlists/16" for 127.0.0.1 at 2021-12-08 01:37:25 +0500
Processing by TdlistsController#update as HTML
  Parameters: {"tdlist"=>{"done"=>true}, "id"=>"16"}
  [1m[36mTdlist Load (0.2ms)[0m  [1m[34mSELECT  "tdlists".* FROM "tdlists" WHERE "tdlists"."id" = ? LIMIT ?[0m  [["id", 16], ["LIMIT", 1]]
  ↳ app/controllers/tdlists_controller.rb:13
  [1m[35m (0.1ms)[0m  [1m[36mbegin transaction[0m
  ↳ app/controllers/tdlists_controller.rb:14
  [1m[36mTdlist Update (2.0ms)[0m  [1m[33mUPDATE "tdlists" SET "done" = ?, "updated_at" = ? WHERE "tdlists"."id" = ?[0m  [["done", 1], ["updated_at", "2021-12-07 20:37:25.953230"], ["id", 16]]
  ↳ app/controllers/tdlists_controller.rb:14
  [1m[35m (18.6ms)[0m  [1m[36mcommit transaction[0m
  ↳ app/controllers/tdlists_controller.rb:14
Completed 200 OK in 37ms (Views: 0.8ms | ActiveRecord: 20.9ms)


Started GET "/api/version1/tdlists" for 127.0.0.1 at 2021-12-08 01:37:27 +0500
Processing by TdlistsController#index as HTML
  [1m[36mTdlist Load (2.9ms)[0m  [1m[34mSELECT "tdlists".* FROM "tdlists" ORDER BY created_at DESC[0m
  ↳ app/controllers/tdlists_controller.rb:4
Completed 200 OK in 16ms (Views: 11.7ms | ActiveRecord: 2.9ms)


Started DELETE "/api/version1/tdlists/17" for 127.0.0.1 at 2021-12-08 01:37:30 +0500
Processing by TdlistsController#destroy as HTML
  Parameters: {"id"=>"17"}
  [1m[36mTdlist Load (0.4ms)[0m  [1m[34mSELECT  "tdlists".* FROM "tdlists" WHERE "tdlists"."id" = ? LIMIT ?[0m  [["id", 17], ["LIMIT", 1]]
  ↳ app/controllers/tdlists_controller.rb:19
  [1m[35m (0.1ms)[0m  [1m[36mbegin transaction[0m
  ↳ app/controllers/tdlists_controller.rb:20
  [1m[36mTdlist Destroy (0.3ms)[0m  [1m[31mDELETE FROM "tdlists" WHERE "tdlists"."id" = ?[0m  [["id", 17]]
  ↳ app/controllers/tdlists_controller.rb:20
  [1m[35m (24.1ms)[0m  [1m[36mcommit transaction[0m
  ↳ app/controllers/tdlists_controller.rb:20
Completed 204 No Content in 39ms (ActiveRecord: 24.9ms)


Started DELETE "/api/version1/tdlists/16" for 127.0.0.1 at 2021-12-08 01:37:31 +0500
Processing by TdlistsController#destroy as HTML
  Parameters: {"id"=>"16"}
  [1m[36mTdlist Load (0.2ms)[0m  [1m[34mSELECT  "tdlists".* FROM "tdlists" WHERE "tdlists"."id" = ? LIMIT ?[0m  [["id", 16], ["LIMIT", 1]]
  ↳ app/controllers/tdlists_controller.rb:19
  [1m[35m (0.2ms)[0m  [1m[36mbegin transaction[0m
  ↳ app/controllers/tdlists_controller.rb:20
  [1m[36mTdlist Destroy (1.9ms)[0m  [1m[31mDELETE FROM "tdlists" WHERE "tdlists"."id" = ?[0m  [["id", 16]]
  ↳ app/controllers/tdlists_controller.rb:20
  [1m[35m (21.8ms)[0m  [1m[36mcommit transaction[0m
  ↳ app/controllers/tdlists_controller.rb:20
Completed 204 No Content in 32ms (ActiveRecord: 24.0ms)


Started DELETE "/api/version1/tdlists/15" for 127.0.0.1 at 2021-12-08 01:37:32 +0500
Processing by TdlistsController#destroy as HTML
  Parameters: {"id"=>"15"}
  [1m[36mTdlist Load (0.7ms)[0m  [1m[34mSELECT  "tdlists".* FROM "tdlists" WHERE "tdlists"."id" = ? LIMIT ?[0m  [["id", 15], ["LIMIT", 1]]
  ↳ app/controllers/tdlists_controller.rb:19
  [1m[35m (0.1ms)[0m  [1m[36mbegin transaction[0m
  ↳ app/controllers/tdlists_controller.rb:20
  [1m[36mTdlist Destroy (0.9ms)[0m  [1m[31mDELETE FROM "tdlists" WHERE "tdlists"."id" = ?[0m  [["id", 15]]
  ↳ app/controllers/tdlists_controller.rb:20
  [1m[35m (18.9ms)[0m  [1m[36mcommit transaction[0m
  ↳ app/controllers/tdlists_controller.rb:20
Completed 204 No Content in 33ms (ActiveRecord: 20.7ms)


Started DELETE "/api/version1/tdlists/14" for 127.0.0.1 at 2021-12-08 01:37:32 +0500
Processing by TdlistsController#destroy as HTML
  Parameters: {"id"=>"14"}
  [1m[36mTdlist Load (0.2ms)[0m  [1m[34mSELECT  "tdlists".* FROM "tdlists" WHERE "tdlists"."id" = ? LIMIT ?[0m  [["id", 14], ["LIMIT", 1]]
  ↳ app/controllers/tdlists_controller.rb:19
  [1m[35m (1.7ms)[0m  [1m[36mbegin transaction[0m
  ↳ app/controllers/tdlists_controller.rb:20
  [1m[36mTdlist Destroy (3.6ms)[0m  [1m[31mDELETE FROM "tdlists" WHERE "tdlists"."id" = ?[0m  [["id", 14]]
  ↳ app/controllers/tdlists_controller.rb:20
  [1m[35m (19.6ms)[0m  [1m[36mcommit transaction[0m
  ↳ app/controllers/tdlists_controller.rb:20
Completed 204 No Content in 39ms (ActiveRecord: 25.1ms)


Started DELETE "/api/version1/tdlists/14" for 127.0.0.1 at 2021-12-08 01:37:32 +0500
Processing by TdlistsController#destroy as HTML
  Parameters: {"id"=>"14"}
  [1m[36mTdlist Load (0.2ms)[0m  [1m[34mSELECT  "tdlists".* FROM "tdlists" WHERE "tdlists"."id" = ? LIMIT ?[0m  [["id", 14], ["LIMIT", 1]]
  ↳ app/controllers/tdlists_controller.rb:19
Completed 404 Not Found in 2ms (ActiveRecord: 0.2ms)


  
ActiveRecord::RecordNotFound (Couldn't find Tdlist with 'id'=14):
  
app/controllers/tdlists_controller.rb:19:in `destroy'
Started DELETE "/api/version1/tdlists/13" for 127.0.0.1 at 2021-12-08 01:37:32 +0500
Processing by TdlistsController#destroy as HTML
  Parameters: {"id"=>"13"}
  [1m[36mTdlist Load (0.1ms)[0m  [1m[34mSELECT  "tdlists".* FROM "tdlists" WHERE "tdlists"."id" = ? LIMIT ?[0m  [["id", 13], ["LIMIT", 1]]
  ↳ app/controllers/tdlists_controller.rb:19
  [1m[35m (0.1ms)[0m  [1m[36mbegin transaction[0m
  ↳ app/controllers/tdlists_controller.rb:20
  [1m[36mTdlist Destroy (1.6ms)[0m  [1m[31mDELETE FROM "tdlists" WHERE "tdlists"."id" = ?[0m  [["id", 13]]
  ↳ app/controllers/tdlists_controller.rb:20
  [1m[35m (17.6ms)[0m  [1m[36mcommit transaction[0m
  ↳ app/controllers/tdlists_controller.rb:20
Completed 204 No Content in 34ms (ActiveRecord: 19.4ms)


Started DELETE "/api/version1/tdlists/12" for 127.0.0.1 at 2021-12-08 01:37:33 +0500
Processing by TdlistsController#destroy as HTML
  Parameters: {"id"=>"12"}
  [1m[36mTdlist Load (0.2ms)[0m  [1m[34mSELECT  "tdlists".* FROM "tdlists" WHERE "tdlists"."id" = ? LIMIT ?[0m  [["id", 12], ["LIMIT", 1]]
  ↳ app/controllers/tdlists_controller.rb:19
  [1m[35m (0.1ms)[0m  [1m[36mbegin transaction[0m
  ↳ app/controllers/tdlists_controller.rb:20
  [1m[36mTdlist Destroy (0.4ms)[0m  [1m[31mDELETE FROM "tdlists" WHERE "tdlists"."id" = ?[0m  [["id", 12]]
  ↳ app/controllers/tdlists_controller.rb:20
  [1m[35m (29.5ms)[0m  [1m[36mcommit transaction[0m
  ↳ app/controllers/tdlists_controller.rb:20
Completed 204 No Content in 38ms (ActiveRecord: 30.1ms)


Started DELETE "/api/version1/tdlists/12" for 127.0.0.1 at 2021-12-08 01:37:33 +0500
Processing by TdlistsController#destroy as HTML
  Parameters: {"id"=>"12"}
  [1m[36mTdlist Load (0.2ms)[0m  [1m[34mSELECT  "tdlists".* FROM "tdlists" WHERE "tdlists"."id" = ? LIMIT ?[0m  [["id", 12], ["LIMIT", 1]]
  ↳ app/controllers/tdlists_controller.rb:19
Completed 404 Not Found in 5ms (ActiveRecord: 0.2ms)


  
ActiveRecord::RecordNotFound (Couldn't find Tdlist with 'id'=12):
  
app/controllers/tdlists_controller.rb:19:in `destroy'
Started DELETE "/api/version1/tdlists/11" for 127.0.0.1 at 2021-12-08 01:37:33 +0500
Processing by TdlistsController#destroy as HTML
  Parameters: {"id"=>"11"}
  [1m[36mTdlist Load (0.2ms)[0m  [1m[34mSELECT  "tdlists".* FROM "tdlists" WHERE "tdlists"."id" = ? LIMIT ?[0m  [["id", 11], ["LIMIT", 1]]
  ↳ app/controllers/tdlists_controller.rb:19
  [1m[35m (0.1ms)[0m  [1m[36mbegin transaction[0m
  ↳ app/controllers/tdlists_controller.rb:20
  [1m[36mTdlist Destroy (8.0ms)[0m  [1m[31mDELETE FROM "tdlists" WHERE "tdlists"."id" = ?[0m  [["id", 11]]
  ↳ app/controllers/tdlists_controller.rb:20
  [1m[35m (14.8ms)[0m  [1m[36mcommit transaction[0m
  ↳ app/controllers/tdlists_controller.rb:20
Completed 204 No Content in 44ms (ActiveRecord: 23.2ms)


Started DELETE "/api/version1/tdlists/10" for 127.0.0.1 at 2021-12-08 01:37:33 +0500
Processing by TdlistsController#destroy as HTML
  Parameters: {"id"=>"10"}
  [1m[36mTdlist Load (0.1ms)[0m  [1m[34mSELECT  "tdlists".* FROM "tdlists" WHERE "tdlists"."id" = ? LIMIT ?[0m  [["id", 10], ["LIMIT", 1]]
  ↳ app/controllers/tdlists_controller.rb:19
  [1m[35m (0.1ms)[0m  [1m[36mbegin transaction[0m
  ↳ app/controllers/tdlists_controller.rb:20
  [1m[36mTdlist Destroy (0.5ms)[0m  [1m[31mDELETE FROM "tdlists" WHERE "tdlists"."id" = ?[0m  [["id", 10]]
  ↳ app/controllers/tdlists_controller.rb:20
  [1m[35m (22.1ms)[0m  [1m[36mcommit transaction[0m
  ↳ app/controllers/tdlists_controller.rb:20
Completed 204 No Content in 46ms (ActiveRecord: 22.9ms)


Started DELETE "/api/version1/tdlists/9" for 127.0.0.1 at 2021-12-08 01:37:34 +0500
Processing by TdlistsController#destroy as HTML
  Parameters: {"id"=>"9"}
  [1m[36mTdlist Load (0.3ms)[0m  [1m[34mSELECT  "tdlists".* FROM "tdlists" WHERE "tdlists"."id" = ? LIMIT ?[0m  [["id", 9], ["LIMIT", 1]]
  ↳ app/controllers/tdlists_controller.rb:19
  [1m[35m (0.1ms)[0m  [1m[36mbegin transaction[0m
  ↳ app/controllers/tdlists_controller.rb:20
  [1m[36mTdlist Destroy (0.3ms)[0m  [1m[31mDELETE FROM "tdlists" WHERE "tdlists"."id" = ?[0m  [["id", 9]]
  ↳ app/controllers/tdlists_controller.rb:20
  [1m[35m (27.1ms)[0m  [1m[36mcommit transaction[0m
  ↳ app/controllers/tdlists_controller.rb:20
Completed 204 No Content in 38ms (ActiveRecord: 27.8ms)


Started DELETE "/api/version1/tdlists/8" for 127.0.0.1 at 2021-12-08 01:37:34 +0500
Processing by TdlistsController#destroy as HTML
  Parameters: {"id"=>"8"}
  [1m[36mTdlist Load (0.2ms)[0m  [1m[34mSELECT  "tdlists".* FROM "tdlists" WHERE "tdlists"."id" = ? LIMIT ?[0m  [["id", 8], ["LIMIT", 1]]
  ↳ app/controllers/tdlists_controller.rb:19
  [1m[35m (0.1ms)[0m  [1m[36mbegin transaction[0m
  ↳ app/controllers/tdlists_controller.rb:20
  [1m[36mTdlist Destroy (4.1ms)[0m  [1m[31mDELETE FROM "tdlists" WHERE "tdlists"."id" = ?[0m  [["id", 8]]
  ↳ app/controllers/tdlists_controller.rb:20
  [1m[35m (19.5ms)[0m  [1m[36mcommit transaction[0m
  ↳ app/controllers/tdlists_controller.rb:20
Completed 204 No Content in 35ms (ActiveRecord: 23.9ms)


Started DELETE "/api/version1/tdlists/7" for 127.0.0.1 at 2021-12-08 01:37:34 +0500
Processing by TdlistsController#destroy as HTML
  Parameters: {"id"=>"7"}
  [1m[36mTdlist Load (0.3ms)[0m  [1m[34mSELECT  "tdlists".* FROM "tdlists" WHERE "tdlists"."id" = ? LIMIT ?[0m  [["id", 7], ["LIMIT", 1]]
  ↳ app/controllers/tdlists_controller.rb:19
  [1m[35m (0.1ms)[0m  [1m[36mbegin transaction[0m
  ↳ app/controllers/tdlists_controller.rb:20
  [1m[36mTdlist Destroy (2.2ms)[0m  [1m[31mDELETE FROM "tdlists" WHERE "tdlists"."id" = ?[0m  [["id", 7]]
  ↳ app/controllers/tdlists_controller.rb:20
  [1m[35m (21.2ms)[0m  [1m[36mcommit transaction[0m
  ↳ app/controllers/tdlists_controller.rb:20
Completed 204 No Content in 29ms (ActiveRecord: 23.8ms)


Started DELETE "/api/version1/tdlists/6" for 127.0.0.1 at 2021-12-08 01:37:35 +0500
Processing by TdlistsController#destroy as HTML
  Parameters: {"id"=>"6"}
  [1m[36mTdlist Load (0.5ms)[0m  [1m[34mSELECT  "tdlists".* FROM "tdlists" WHERE "tdlists"."id" = ? LIMIT ?[0m  [["id", 6], ["LIMIT", 1]]
  ↳ app/controllers/tdlists_controller.rb:19
  [1m[35m (0.1ms)[0m  [1m[36mbegin transaction[0m
  ↳ app/controllers/tdlists_controller.rb:20
  [1m[36mTdlist Destroy (0.5ms)[0m  [1m[31mDELETE FROM "tdlists" WHERE "tdlists"."id" = ?[0m  [["id", 6]]
  ↳ app/controllers/tdlists_controller.rb:20
  [1m[35m (17.1ms)[0m  [1m[36mcommit transaction[0m
  ↳ app/controllers/tdlists_controller.rb:20
Completed 204 No Content in 29ms (ActiveRecord: 18.2ms)


Started DELETE "/api/version1/tdlists/5" for 127.0.0.1 at 2021-12-08 01:37:37 +0500
Processing by TdlistsController#destroy as HTML
  Parameters: {"id"=>"5"}
  [1m[36mTdlist Load (0.5ms)[0m  [1m[34mSELECT  "tdlists".* FROM "tdlists" WHERE "tdlists"."id" = ? LIMIT ?[0m  [["id", 5], ["LIMIT", 1]]
  ↳ app/controllers/tdlists_controller.rb:19
  [1m[35m (0.1ms)[0m  [1m[36mbegin transaction[0m
  ↳ app/controllers/tdlists_controller.rb:20
  [1m[36mTdlist Destroy (0.6ms)[0m  [1m[31mDELETE FROM "tdlists" WHERE "tdlists"."id" = ?[0m  [["id", 5]]
  ↳ app/controllers/tdlists_controller.rb:20
  [1m[35m (25.5ms)[0m  [1m[36mcommit transaction[0m
  ↳ app/controllers/tdlists_controller.rb:20
Completed 204 No Content in 32ms (ActiveRecord: 26.7ms)


Started DELETE "/api/version1/tdlists/4" for 127.0.0.1 at 2021-12-08 01:37:37 +0500
Processing by TdlistsController#destroy as HTML
  Parameters: {"id"=>"4"}
  [1m[36mTdlist Load (0.2ms)[0m  [1m[34mSELECT  "tdlists".* FROM "tdlists" WHERE "tdlists"."id" = ? LIMIT ?[0m  [["id", 4], ["LIMIT", 1]]
  ↳ app/controllers/tdlists_controller.rb:19
  [1m[35m (0.1ms)[0m  [1m[36mbegin transaction[0m
  ↳ app/controllers/tdlists_controller.rb:20
  [1m[36mTdlist Destroy (1.7ms)[0m  [1m[31mDELETE FROM "tdlists" WHERE "tdlists"."id" = ?[0m  [["id", 4]]
  ↳ app/controllers/tdlists_controller.rb:20
  [1m[35m (21.6ms)[0m  [1m[36mcommit transaction[0m
  ↳ app/controllers/tdlists_controller.rb:20
Completed 204 No Content in 33ms (ActiveRecord: 23.5ms)


Started DELETE "/api/version1/tdlists/3" for 127.0.0.1 at 2021-12-08 01:37:38 +0500
Processing by TdlistsController#destroy as HTML
  Parameters: {"id"=>"3"}
  [1m[36mTdlist Load (0.2ms)[0m  [1m[34mSELECT  "tdlists".* FROM "tdlists" WHERE "tdlists"."id" = ? LIMIT ?[0m  [["id", 3], ["LIMIT", 1]]
  ↳ app/controllers/tdlists_controller.rb:19
  [1m[35m (0.1ms)[0m  [1m[36mbegin transaction[0m
  ↳ app/controllers/tdlists_controller.rb:20
  [1m[36mTdlist Destroy (2.2ms)[0m  [1m[31mDELETE FROM "tdlists" WHERE "tdlists"."id" = ?[0m  [["id", 3]]
  ↳ app/controllers/tdlists_controller.rb:20
  [1m[35m (16.7ms)[0m  [1m[36mcommit transaction[0m
  ↳ app/controllers/tdlists_controller.rb:20
Completed 204 No Content in 28ms (ActiveRecord: 19.2ms)


Started DELETE "/api/version1/tdlists/2" for 127.0.0.1 at 2021-12-08 01:37:40 +0500
Processing by TdlistsController#destroy as HTML
  Parameters: {"id"=>"2"}
  [1m[36mTdlist Load (0.1ms)[0m  [1m[34mSELECT  "tdlists".* FROM "tdlists" WHERE "tdlists"."id" = ? LIMIT ?[0m  [["id", 2], ["LIMIT", 1]]
  ↳ app/controllers/tdlists_controller.rb:19
  [1m[35m (0.1ms)[0m  [1m[36mbegin transaction[0m
  ↳ app/controllers/tdlists_controller.rb:20
  [1m[36mTdlist Destroy (0.7ms)[0m  [1m[31mDELETE FROM "tdlists" WHERE "tdlists"."id" = ?[0m  [["id", 2]]
  ↳ app/controllers/tdlists_controller.rb:20
  [1m[35m (38.1ms)[0m  [1m[36mcommit transaction[0m
  ↳ app/controllers/tdlists_controller.rb:20
Completed 204 No Content in 48ms (ActiveRecord: 39.0ms)


Started DELETE "/api/version1/tdlists/1" for 127.0.0.1 at 2021-12-08 01:37:41 +0500
Processing by TdlistsController#destroy as HTML
  Parameters: {"id"=>"1"}
  [1m[36mTdlist Load (0.2ms)[0m  [1m[34mSELECT  "tdlists".* FROM "tdlists" WHERE "tdlists"."id" = ? LIMIT ?[0m  [["id", 1], ["LIMIT", 1]]
  ↳ app/controllers/tdlists_controller.rb:19
  [1m[35m (0.1ms)[0m  [1m[36mbegin transaction[0m
  ↳ app/controllers/tdlists_controller.rb:20
  [1m[36mTdlist Destroy (1.3ms)[0m  [1m[31mDELETE FROM "tdlists" WHERE "tdlists"."id" = ?[0m  [["id", 1]]
  ↳ app/controllers/tdlists_controller.rb:20
  [1m[35m (19.9ms)[0m  [1m[36mcommit transaction[0m
  ↳ app/controllers/tdlists_controller.rb:20
Completed 204 No Content in 30ms (ActiveRecord: 21.4ms)


Started GET "/api/version1/tdlists" for 127.0.0.1 at 2021-12-08 01:37:42 +0500
Processing by TdlistsController#index as HTML
  [1m[36mTdlist Load (0.3ms)[0m  [1m[34mSELECT "tdlists".* FROM "tdlists" ORDER BY created_at DESC[0m
  ↳ app/controllers/tdlists_controller.rb:4
Completed 200 OK in 17ms (Views: 16.0ms | ActiveRecord: 0.3ms)


